生成启动时间为 2018/11/14 10:20:23。
     1>项目“C:\Users\Admin\Desktop\Zero\D3Ddemo9\D3Ddemo9\D3Ddemo9.vcxproj”在节点 2 上(build 个目标)。
     1>InitializeBuildStatus:
         正在对“Debug\D3Ddemo9.unsuccessfulbuild”执行 Touch 任务。
       ClCompile:
         D:\Program Files (x86)\Microsoft Visual Studio 10.0\VC\bin\CL.exe /c /ZI /nologo /W3 /WX- /Od /Oy- /D WIN32 /D _DEBUG /D _WINDOWS /D _UNICODE /D UNICODE /Gm /EHsc /RTC1 /MDd /GS /fp:precise /Zc:wchar_t /Zc:forScope /Fo"Debug\\" /Fd"Debug\vc100.pdb" /Gd /TP /analyze- /errorReport:prompt DirectInputClass.cpp
         DirectInputClass.cpp
     1>c:\users\admin\desktop\zero\d3ddemo9\d3ddemo9\directinputclass.cpp(60): error C3861: “_T”: 找不到标识符
     1>c:\users\admin\desktop\zero\d3ddemo9\d3ddemo9\directinputclass.cpp(60): error C3861: “_T”: 找不到标识符
     1>已完成生成项目“C:\Users\Admin\Desktop\Zero\D3Ddemo9\D3Ddemo9\D3Ddemo9.vcxproj”(build 个目标)的操作 - 失败。

生成失败。

已用时间 00:00:01.31
