生成启动时间为 2018/11/6 16:51:45。
     1>项目“C:\Users\Admin\Desktop\Zero\D3Ddemo1\D3Ddemo1\D3Ddemo1.vcxproj”在节点 2 上(build 个目标)。
     1>InitializeBuildStatus:
         正在对“x64\Debug\D3Ddemo1.unsuccessfulbuild”执行 Touch 任务。
       ClCompile:
         D:\Program Files (x86)\Microsoft Visual Studio 10.0\VC\bin\x86_amd64\CL.exe /c /Zi /nologo /W3 /WX- /Od /D WIN32 /D _DEBUG /D _WINDOWS /D _UNICODE /D UNICODE /Gm /EHsc /RTC1 /MDd /GS /fp:precise /Zc:wchar_t /Zc:forScope /Fo"x64\Debug\\" /Fd"x64\Debug\vc100.pdb" /Gd /TP /errorReport:prompt main.cpp
         main.cpp
       ManifestResourceCompile:
         所有输出均为最新。
       Link:
         D:\Program Files (x86)\Microsoft Visual Studio 10.0\VC\bin\x86_amd64\link.exe /ERRORREPORT:PROMPT /OUT:"C:\Users\Admin\Desktop\Zero\D3Ddemo1\x64\Debug\D3Ddemo1.exe" /INCREMENTAL /NOLOGO kernel32.lib user32.lib gdi32.lib winspool.lib comdlg32.lib advapi32.lib shell32.lib ole32.lib oleaut32.lib uuid.lib odbc32.lib odbccp32.lib /MANIFEST /ManifestFile:"x64\Debug\D3Ddemo1.exe.intermediate.manifest" /MANIFESTUAC:"level='asInvoker' uiAccess='false'" /DEBUG /PDB:"C:\Users\Admin\Desktop\Zero\D3Ddemo1\x64\Debug\D3Ddemo1.pdb" /SUBSYSTEM:WINDOWS /TLBID:1 /DYNAMICBASE /NXCOMPAT /IMPLIB:"C:\Users\Admin\Desktop\Zero\D3Ddemo1\x64\Debug\D3Ddemo1.lib" /MACHINE:X64 x64\Debug\D3Ddemo1.exe.embed.manifest.res
         x64\Debug\main.obj
     1>main.obj : error LNK2019: 无法解析的外部符号 Direct3DCreate9，该符号在函数 "long __cdecl Direct3D_Init(struct HWND__ *)" (?Direct3D_Init@@YAJPEAUHWND__@@@Z) 中被引用
     1>C:\Users\Admin\Desktop\Zero\D3Ddemo1\x64\Debug\D3Ddemo1.exe : fatal error LNK1120: 1 个无法解析的外部命令
     1>已完成生成项目“C:\Users\Admin\Desktop\Zero\D3Ddemo1\D3Ddemo1\D3Ddemo1.vcxproj”(build 个目标)的操作 - 失败。

生成失败。

已用时间 00:00:01.48
